{"total": {"lines":{"total":459,"covered":444,"skipped":0,"pct":96.73},"statements":{"total":459,"covered":444,"skipped":0,"pct":96.73},"functions":{"total":38,"covered":32,"skipped":0,"pct":84.21},"branches":{"total":91,"covered":82,"skipped":0,"pct":90.1},"branchesTrue":{"total":0,"covered":0,"skipped":0,"pct":100}}
,"/Users/sudip/Sudip/Sudip/experimentation/auto-resume-maker/frontend/src/components/AppShell/AppShell.test.tsx": {"lines":{"total":56,"covered":56,"skipped":0,"pct":100},"functions":{"total":0,"covered":0,"skipped":0,"pct":100},"statements":{"total":56,"covered":56,"skipped":0,"pct":100},"branches":{"total":7,"covered":7,"skipped":0,"pct":100}}
,"/Users/sudip/Sudip/Sudip/experimentation/auto-resume-maker/frontend/src/components/AppShell/AppShell.tsx": {"lines":{"total":55,"covered":55,"skipped":0,"pct":100},"functions":{"total":1,"covered":1,"skipped":0,"pct":100},"statements":{"total":55,"covered":55,"skipped":0,"pct":100},"branches":{"total":9,"covered":9,"skipped":0,"pct":100}}
,"/Users/sudip/Sudip/Sudip/experimentation/auto-resume-maker/frontend/src/components/AppShell/index.ts": {"lines":{"total":1,"covered":0,"skipped":0,"pct":0},"functions":{"total":1,"covered":0,"skipped":0,"pct":0},"statements":{"total":1,"covered":0,"skipped":0,"pct":0},"branches":{"total":1,"covered":0,"skipped":0,"pct":0}}
,"/Users/sudip/Sudip/Sudip/experimentation/auto-resume-maker/frontend/src/constants/index.test.ts": {"lines":{"total":33,"covered":33,"skipped":0,"pct":100},"functions":{"total":0,"covered":0,"skipped":0,"pct":100},"statements":{"total":33,"covered":33,"skipped":0,"pct":100},"branches":{"total":9,"covered":9,"skipped":0,"pct":100}}
,"/Users/sudip/Sudip/Sudip/experimentation/auto-resume-maker/frontend/src/constants/index.ts": {"lines":{"total":26,"covered":26,"skipped":0,"pct":100},"functions":{"total":0,"covered":0,"skipped":0,"pct":100},"statements":{"total":26,"covered":26,"skipped":0,"pct":100},"branches":{"total":0,"covered":0,"skipped":0,"pct":100}}
,"/Users/sudip/Sudip/Sudip/experimentation/auto-resume-maker/frontend/src/lib/api.test.ts": {"lines":{"total":171,"covered":171,"skipped":0,"pct":100},"functions":{"total":19,"covered":15,"skipped":0,"pct":78.94},"statements":{"total":171,"covered":171,"skipped":0,"pct":100},"branches":{"total":33,"covered":33,"skipped":0,"pct":100}}
,"/Users/sudip/Sudip/Sudip/experimentation/auto-resume-maker/frontend/src/lib/api.ts": {"lines":{"total":105,"covered":103,"skipped":0,"pct":98.09},"functions":{"total":16,"covered":16,"skipped":0,"pct":100},"statements":{"total":105,"covered":103,"skipped":0,"pct":98.09},"branches":{"total":31,"covered":24,"skipped":0,"pct":77.41}}
,"/Users/sudip/Sudip/Sudip/experimentation/auto-resume-maker/frontend/src/providers/QueryProvider.tsx": {"lines":{"total":12,"covered":0,"skipped":0,"pct":0},"functions":{"total":1,"covered":0,"skipped":0,"pct":0},"statements":{"total":12,"covered":0,"skipped":0,"pct":0},"branches":{"total":1,"covered":0,"skipped":0,"pct":0}}
}
